

> @gsos/web@ build /Users/dominicnel/gsos/apps/web
> next build

  [1m[38;2;173;127;168m▲ Next.js 14.2.5[39m[22m
  - Experiments (use with caution):
    · typedRoutes

 [37m[1m [22m[39m Creating an optimized production build ...
 [32m[1m✓[22m[39m Compiled successfully
[?25l [37m[1m [22m[39m Linting and checking validity of types  [36m.[39m
 [37m[1m [22m[39m We detected TypeScript in your project and reconfigured your [36mtsconfig.json[39m file for you. Strict-mode is set to [36mfalse[39m by default.
 [37m[1m [22m[39m The following suggested values were added to your [36mtsconfig.json[39m. These values [36mcan be changed[39m to fit your project's needs:

 [37m[1m [22m[39m 	- [36mlib[39m was set to [1mdom,dom.iterable,esnext[22m
 [37m[1m [22m[39m 	- [36minclude[39m was updated to add [1m'.next/types/**/*.ts'[22m
 [37m[1m [22m[39m 	- [36mplugins[39m was updated to add [1m{ name: 'next' }[22m
 [37m[1m [22m[39m 	- [36mexclude[39m was set to [1m['node_modules'][22m

 [37m[1m [22m[39m The following [37mmandatory changes[39m were made to your [36mtsconfig.json[39m:

 [37m[1m [22m[39m 	- [36misolatedModules[39m was set to [1mtrue[22m (requirement for SWC / Babel)

[2K[1G [37m[1m [22m[39m Linting and checking validity of types  [36m..[39m[2K[1G [37m[1m [22m[39m Linting and checking validity of types  [36m...[39m[2K[1G [37m[1m [22m[39m Linting and checking validity of types  [36m.[39m[2K[1G [37m[1m [22m[39m Linting and checking validity of types  [36m..[39m[2K[1G [37m[1m [22m[39m Linting and checking validity of types  [36m...[39m[2K[1G [37m[1m [22m[39m Linting and checking validity of types  [36m.[39m[2K[1G [37m[1m [22m[39m Linting and checking validity of types  [36m..[39m[2K[1G [37m[1m [22m[39m Linting and checking validity of types  [36m...[39m[2K[1G [37m[1m [22m[39m Linting and checking validity of types  [36m.[39m[2K[1G[?25h [37m[1m [22m[39m Linting and checking validity of types     [32m[1m✓[22m[39m Linting and checking validity of types 
[?25l [37m[1m [22m[39m Collecting page data  [36m.[39m[2K[1G [37m[1m [22m[39m Collecting page data  [36m..[39m[2K[1G[?25h [37m[1m [22m[39m Collecting page data     [32m[1m✓[22m[39m Collecting page data 
[?25l [37m[1m [22m[39m Generating static pages (0/4)  [36m[    ][39m[2K[1G [37m[1m [22m[39m Generating static pages (0/4)  [36m[=   ][39m[2K[1G[?25h [32m[1m✓[22m[39m Generating static pages (4/4)
[?25l [37m[1m [22m[39m Finalizing page optimization  [36m.[39m[?25l [37m[1m [22m[39m Collecting build traces  [36m.[39m[2K[1G [37m[1m [22m[39m Finalizing page optimization  [36m..[39m[2K[1G [37m[1m [22m[39m Collecting build traces  [36m..[39m[2K[1G [37m[1m [22m[39m Finalizing page optimization  [36m...[39m[2K[1G [37m[1m [22m[39m Collecting build traces  [36m...[39m[2K[1G [37m[1m [22m[39m Finalizing page optimization  [36m.[39m[2K[1G [37m[1m [22m[39m Collecting build traces  [36m.[39m[2K[1G [37m[1m [22m[39m Finalizing page optimization  [36m..[39m[2K[1G [37m[1m [22m[39m Collecting build traces  [36m..[39m[2K[1G [37m[1m [22m[39m Finalizing page optimization  [36m...[39m[2K[1G [37m[1m [22m[39m Collecting build traces  [36m...[39m[2K[1G [37m[1m [22m[39m Finalizing page optimization  [36m.[39m[2K[1G [37m[1m [22m[39m Collecting build traces  [36m.[39m[2K[1G [37m[1m [22m[39m Finalizing page optimization  [36m..[39m[2K[1G [37m[1m [22m[39m Collecting build traces  [36m..[39m[2K[1G[?25h [37m[1m [22m[39m Collecting build traces     [32m[1m✓[22m[39m Collecting build traces 
[2K[1G[?25h [37m[1m [22m[39m Finalizing page optimization     [32m[1m✓[22m[39m Finalizing page optimization 

[4mRoute (app)[24m                              [4mSize[24m     [4mFirst Load JS[24m
┌ ○ /                                    1.96 kB          [37m[1m89 kB[22m[39m
└ ○ /_not-found                          874 B          [37m[1m87.9 kB[22m[39m
+ First Load JS shared by all            [37m[1m87 kB[22m[39m
  ├ chunks/753-66063fcdb4b0181c.js       31.5 kB
  ├ chunks/abf17911-2871abbeb3220ee1.js  53.7 kB
  └ other shared chunks (total)          1.83 kB


○  (Static)  prerendered as static content

[?25h
